<?xml version="1.0" encoding="UTF-8"?>
<testsuite xmlns:xsi="http://www.w3.org/2001/XMLSchema-instance" xsi:noNamespaceSchemaLocation="https://maven.apache.org/surefire/maven-surefire-plugin/xsd/surefire-test-report-3.0.xsd" version="3.0" name="testRunner.CucumberRunnerTest" time="9.835" tests="10" errors="0" skipped="9" failures="1">
  <properties>
[...]
</properties>
  <testcase name="Example #1.1" classname="Examples" time="0.0">
    <skipped message="&apos;cucumber.filter.tags=@dashboard&apos; did not match this scenario"/>
  </testcase>
  <testcase name="Example #1.1" classname="Examples" time="0.0">
    <skipped message="&apos;cucumber.filter.tags=@dashboard&apos; did not match this scenario"/>
  </testcase>
  <testcase name="Example #1.2" classname="Examples" time="0.0">
    <skipped message="&apos;cucumber.filter.tags=@dashboard&apos; did not match this scenario"/>
  </testcase>
  <testcase name="Example #1.3" classname="Examples" time="0.0">
    <skipped message="&apos;cucumber.filter.tags=@dashboard&apos; did not match this scenario"/>
  </testcase>
  <testcase name="Validate Global product search" classname="Validate Search APIs (OE Number, Global &amp; Hollander)" time="0.0">
    <skipped message="&apos;cucumber.filter.tags=@dashboard&apos; did not match this scenario"/>
  </testcase>
  <testcase name="Validate OE product search" classname="Validate Search APIs (OE Number, Global &amp; Hollander)" time="0.0">
    <skipped message="&apos;cucumber.filter.tags=@dashboard&apos; did not match this scenario"/>
  </testcase>
  <testcase name="Validate Hollander product search" classname="Validate Search APIs (OE Number, Global &amp; Hollander)" time="0.0">
    <skipped message="&apos;cucumber.filter.tags=@dashboard&apos; did not match this scenario"/>
  </testcase>
  <testcase name="Complete credit card checkout flow as guest user" classname="Validate Checkout Flow Using Credit Card" time="0.0">
    <skipped message="&apos;cucumber.filter.tags=@dashboard&apos; did not match this scenario"/>
  </testcase>
  <testcase name="User logs in with valid credentials" classname="Sign In" time="0.0">
    <skipped message="&apos;cucumber.filter.tags=@dashboard&apos; did not match this scenario"/>
  </testcase>
  <testcase name="Validate first product details ( price , name )  on UI against API" classname="Product Description Page Validation" time="6.614">
    <failure message="expected:&lt;...roadreadywheels.com/[]&gt; but was:&lt;...roadreadywheels.com/[t/categories]&gt;" type="org.junit.ComparisonFailure"><![CDATA[org.junit.ComparisonFailure: expected:<...roadreadywheels.com/[]> but was:<...roadreadywheels.com/[t/categories]>
	at com.stepDefinations.Dashboard_validation.the_user_should_be_redirected_to_the_product_listing_page(Dashboard_validation.java:45)
	at ✽.the user should be redirected to the Product Listing Page(classpath:features/05_dashboard.feature:10)
]]></failure>
    <system-out><![CDATA[
@dashboard
Scenario: Validate first product details ( price , name )  on UI against API &amp#27;[90m# features/05_dashboard.feature:6&amp#27;[0m
🔧 browserName : chrome
🔧 gridEnabled : true
🔧 gridUrl     : http://172.26.160.1:4444
🌐 Grid mode — connecting to: http://172.26.160.1:4444
🖥️ Headless mode OFF
✅ Browser opened, navigated to: https://staging.roadreadywheels.com/
  &amp#27;[32mGiven &amp#27;[0m&amp#27;[32mthe user is on the Home Page&amp#27;[0m                                         &amp#27;[90m# com.stepDefinations.Dashboard_validation.the_user_is_on_the_home_page()&amp#27;[0m
🖱️ Clicked: //button[normalize-space()='Shop Now']
  &amp#27;[32mWhen &amp#27;[0m&amp#27;[32mthe user clicks on the &amp#27;[0m&amp#27;[32m&amp#27;[1m"Shop Now"&amp#27;[0m&amp#27;[32m button&amp#27;[0m                              &amp#27;[90m# com.stepDefinations.Dashboard_validation.the_user_clicks_on_the_button(java.lang.String)&amp#27;[0m
  &amp#27;[31mThen &amp#27;[0m&amp#27;[31mthe user should be redirected to the Product Listing Page&amp#27;[0m             &amp#27;[90m# com.stepDefinations.Dashboard_validation.the_user_should_be_redirected_to_the_product_listing_page()&amp#27;[0m
      &amp#27;[31morg.junit.ComparisonFailure: expected:<...roadreadywheels.com/[]> but was:<...roadreadywheels.com/[t/categories]>
	at org.junit.Assert.assertEquals(Assert.java:117)
	at org.junit.Assert.assertEquals(Assert.java:146)
	at com.stepDefinations.Dashboard_validation.the_user_should_be_redirected_to_the_product_listing_page(Dashboard_validation.java:45)
	at ✽.the user should be redirected to the Product Listing Page(classpath:features/05_dashboard.feature:10)
&amp#27;[0m
  &amp#27;[36mAnd &amp#27;[0m&amp#27;[36mthe &amp#27;[0m&amp#27;[36m&amp#27;[1m"Shop Road Ready Products"&amp#27;[0m&amp#27;[36m title should be visible&amp#27;[0m                 &amp#27;[90m# com.stepDefinations.Dashboard_validation.the_title_should_be_visible(java.lang.String)&amp#27;[0m
  &amp#27;[36mWhen &amp#27;[0m&amp#27;[36mthe product description API response is captured&amp#27;[0m                      &amp#27;[90m# com.stepDefinations.Dashboard_validation.the_product_description_api_response_is_captured()&amp#27;[0m
  &amp#27;[36mThen &amp#27;[0m&amp#27;[36mthe first product name on the UI should match the API response&amp#27;[0m        &amp#27;[90m# com.stepDefinations.Dashboard_validation.the_first_product_name_on_the_ui_should_match_the_api_response()&amp#27;[0m
  &amp#27;[36mAnd &amp#27;[0m&amp#27;[36mthe first product price on the UI should match the API response&amp#27;[0m        &amp#27;[90m# com.stepDefinations.Dashboard_validation.the_first_product_price_on_the_ui_should_match_the_api_response()&amp#27;[0m
  &amp#27;[36mAnd &amp#27;[0m&amp#27;[36mthe first product URL on the UI should match the API response&amp#27;[0m          &amp#27;[90m# com.stepDefinations.Dashboard_validation.the_first_product_url_on_the_ui_should_match_the_api_response()&amp#27;[0m
]]></system-out>
    <system-err><![CDATA[Jun 24, 2026 11:03:35 AM org.openqa.selenium.remote.tracing.opentelemetry.OpenTelemetryTracer createTracer
INFO: Using OpenTelemetry for tracing
]]></system-err>
  </testcase>
</testsuite>